2024-10-03 12:44:28,418:INFO:Logging initialized successfully
2024-10-03 12:44:28,430:INFO:Screenshot directory ensured: C:\Users\youss\RIBY-Volt-1\RIBY-Volt-1_screenshots
2024-10-03 12:44:32,942:INFO:Started capturing VSCode terminal commands
2024-10-03 12:44:48,448:INFO:Attempting to capture screenshot...
2024-10-03 12:44:48,448:ERROR:Error capturing screenshot: VSCodeTerminalScreenshotCapture.get_windows_command_history() takes 0 positional arguments but 1 was given
2024-10-03 12:45:51,354:INFO:Logging initialized successfully
2024-10-03 12:45:51,366:INFO:Screenshot directory ensured: C:\Users\youss\RIBY-Volt-1\RIBY-Volt-1_screenshots
2024-10-03 12:45:54,518:INFO:Started capturing VSCode terminal commands
2024-10-03 12:46:06,443:INFO:Attempting to capture screenshot...
2024-10-03 12:46:07,543:ERROR:Error capturing screenshot: VSCodeTerminalScreenshotCapture.execute_command() takes 1 positional argument but 3 were given
2024-10-03 12:47:46,850:INFO:Logging initialized successfully
2024-10-03 12:47:46,863:INFO:Screenshot directory ensured: C:\Users\youss\RIBY-Volt-1\RIBY-Volt-1_screenshots
2024-10-03 12:47:50,010:INFO:Started capturing VSCode terminal commands
2024-10-03 12:47:56,801:INFO:Attempting to capture screenshot...
2024-10-03 12:47:57,888:ERROR:Error capturing screenshot: VSCodeTerminalScreenshotCapture.execute_command() takes 1 positional argument but 3 were given
2024-10-03 12:50:34,925:INFO:Attempting to capture screenshot...
2024-10-03 12:50:35,994:ERROR:Error capturing screenshot: VSCodeTerminalScreenshotCapture.execute_command() takes 1 positional argument but 3 were given
2024-10-03 12:50:57,125:INFO:Attempting to capture screenshot...
2024-10-03 12:50:58,200:ERROR:Error capturing screenshot: VSCodeTerminalScreenshotCapture.execute_command() takes 1 positional argument but 3 were given
2024-10-03 12:51:06,928:INFO:Logging initialized successfully
2024-10-03 12:51:06,941:INFO:Screenshot directory ensured: C:\Users\youss\RIBY-Volt-1\RIBY-Volt-1_screenshots
2024-10-03 12:51:09,350:INFO:Started capturing VSCode terminal commands
2024-10-03 12:51:16,369:INFO:Attempting to capture screenshot...
2024-10-03 12:51:17,510:ERROR:Error capturing screenshot: list indices must be integers or slices, not str
2024-10-03 12:52:17,983:INFO:Stopped capturing VSCode terminal commands
2024-10-03 13:30:48,085:INFO:Started capturing VSCode terminal commands
2024-10-03 13:32:10,397:INFO:Logging initialized successfully
2024-10-03 13:32:10,412:INFO:Screenshot directory ensured: C:\Users\youss\RIBY-Volt-1\RIBY-Volt-1_screenshots
2024-10-03 13:32:13,484:INFO:Started capturing VSCode terminal commands
2024-10-03 13:32:22,088:INFO:Attempting to capture screenshot...
2024-10-03 13:32:23,223:ERROR:Error capturing screenshot: list index out of range
2024-10-03 13:33:57,320:INFO:Logging initialized successfully
2024-10-03 13:33:57,332:INFO:Screenshot directory ensured: C:\Users\youss\RIBY-Volt-1\RIBY-Volt-1_screenshots
2024-10-03 13:34:01,686:INFO:Started capturing VSCode terminal commands
2024-10-03 13:34:07,625:INFO:Attempting to capture screenshot...
2024-10-03 13:34:08,704:ERROR:Error capturing screenshot: list index out of range
2024-10-03 13:34:35,626:INFO:Attempting to capture screenshot...
2024-10-03 13:34:36,687:ERROR:Error capturing screenshot: list index out of range
2024-10-03 13:35:02,118:INFO:Attempting to capture screenshot...
2024-10-03 13:35:03,180:ERROR:Error capturing screenshot: list index out of range
2024-10-03 13:35:22,958:INFO:Attempting to capture screenshot...
2024-10-03 13:35:24,024:ERROR:Error capturing screenshot: list index out of range
2024-10-03 13:35:28,302:INFO:Attempting to capture screenshot...
2024-10-03 13:35:29,363:ERROR:Error capturing screenshot: list index out of range
2024-10-03 13:35:36,450:INFO:Attempting to capture screenshot...
2024-10-03 13:35:37,519:ERROR:Error capturing screenshot: list index out of range
2024-10-03 13:36:05,097:INFO:Logging initialized successfully
2024-10-03 13:36:05,111:INFO:Screenshot directory ensured: C:\Users\youss\RIBY-Volt-1\RIBY-Volt-1_screenshots
2024-10-03 13:36:07,214:INFO:Started capturing VSCode terminal commands
2024-10-03 13:36:11,836:INFO:Attempting to capture screenshot...
2024-10-03 13:36:12,941:ERROR:Error capturing screenshot: list index out of range
2024-10-03 13:36:31,808:INFO:Attempting to capture screenshot...
2024-10-03 13:36:32,878:ERROR:Error capturing screenshot: list index out of range
2024-10-03 13:37:31,030:INFO:Logging initialized successfully
2024-10-03 13:37:31,042:INFO:Screenshot directory ensured: C:\Users\youss\RIBY-Volt-1\RIBY-Volt-1_screenshots
2024-10-03 13:37:32,833:INFO:Started capturing VSCode terminal commands
2024-10-03 13:37:40,684:INFO:Attempting to capture screenshot...
2024-10-03 13:37:41,776:INFO:VSCode window found, proceeding with screenshot...
2024-10-03 13:37:41,777:INFO:Window activated successfully
2024-10-03 13:37:42,312:ERROR:Error capturing screenshot: module 'datetime' has no attribute 'now'
2024-10-03 13:38:12,505:INFO:Attempting to capture screenshot...
2024-10-03 13:38:13,590:INFO:VSCode window found, proceeding with screenshot...
2024-10-03 13:38:13,590:INFO:Window activated successfully
2024-10-03 13:38:14,127:ERROR:Error capturing screenshot: module 'datetime' has no attribute 'now'
2024-10-03 13:38:14,248:INFO:Attempting to capture screenshot...
2024-10-03 13:38:15,336:INFO:VSCode window found, proceeding with screenshot...
2024-10-03 13:38:15,336:INFO:Window activated successfully
2024-10-03 13:38:15,872:ERROR:Error capturing screenshot: module 'datetime' has no attribute 'now'
2024-10-03 13:38:30,913:INFO:Logging initialized successfully
2024-10-03 13:38:30,927:INFO:Screenshot directory ensured: C:\Users\youss\RIBY-Volt-1\RIBY-Volt-1_screenshots
2024-10-03 13:38:37,008:INFO:Started capturing VSCode terminal commands
2024-10-03 13:38:49,831:INFO:Attempting to capture screenshot...
2024-10-03 13:38:50,932:INFO:VSCode window found, proceeding with screenshot...
2024-10-03 13:38:50,932:INFO:Window activated successfully
2024-10-03 13:38:51,547:INFO:Terminal screenshot saved: C:\Users\youss\RIBY-Volt-1\RIBY-Volt-1_screenshots\vscode_terminal_20241003_133851.png
2024-10-03 13:39:31,981:INFO:Attempting to capture screenshot...
2024-10-03 13:39:33,062:INFO:VSCode window found, proceeding with screenshot...
2024-10-03 13:39:33,062:INFO:Window activated successfully
2024-10-03 13:39:33,654:INFO:Terminal screenshot saved: C:\Users\youss\RIBY-Volt-1\RIBY-Volt-1_screenshots\vscode_terminal_20241003_133933.png
2024-10-03 13:39:44,910:INFO:Logging initialized successfully
2024-10-03 13:39:44,923:INFO:Screenshot directory ensured: C:\Users\youss\RIBY-Volt-1\RIBY-Volt-1_screenshots
2024-10-03 13:39:48,323:INFO:Started capturing VSCode terminal commands
2024-10-03 13:39:59,954:INFO:Attempting to capture screenshot...
2024-10-03 13:40:01,049:INFO:VSCode window found, proceeding with screenshot...
2024-10-03 13:40:01,049:INFO:Window activated successfully
2024-10-03 13:40:01,640:INFO:Terminal screenshot saved: C:\Users\youss\RIBY-Volt-1\RIBY-Volt-1_screenshots\vscode_terminal_20241003_134001.png
2024-10-03 13:42:15,714:INFO:Logging initialized successfully
2024-10-03 13:42:15,726:INFO:Screenshot directory ensured: C:\Users\youss\RIBY-Volt-1\RIBY-Volt-1_screenshots
2024-10-03 13:42:24,053:INFO:Started capturing VSCode terminal commands
2024-10-03 13:42:41,725:INFO:Attempting to capture screenshot...
2024-10-03 13:42:42,809:INFO:VSCode window found, proceeding with screenshot...
2024-10-03 13:42:42,809:INFO:Window activated successfully
2024-10-03 13:42:43,404:INFO:Terminal screenshot saved: C:\Users\youss\RIBY-Volt-1\RIBY-Volt-1_screenshots\vscode_terminal_20241003_134243.png
2024-10-03 13:44:20,405:INFO:Logging initialized successfully
2024-10-03 13:44:20,416:INFO:Screenshot directory ensured: C:\Users\youss\RIBY-Volt-1\RIBY-Volt-1_screenshots
2024-10-03 13:44:23,322:INFO:Started capturing VSCode terminal commands
2024-10-03 13:44:34,625:INFO:Attempting to capture screenshot...
2024-10-03 13:44:35,735:INFO:VSCode window found, proceeding with screenshot...
2024-10-03 13:44:35,735:INFO:Window activated successfully
2024-10-03 13:44:36,353:INFO:Terminal screenshot saved: C:\Users\youss\RIBY-Volt-1\RIBY-Volt-1_screenshots\vscode_terminal_20241003_134436.png
2024-10-03 13:48:04,140:INFO:Attempting to capture screenshot...
2024-10-03 13:48:05,228:INFO:VSCode window found, proceeding with screenshot...
2024-10-03 13:48:05,228:INFO:Window activated successfully
2024-10-03 13:48:05,816:INFO:Terminal screenshot saved: C:\Users\youss\RIBY-Volt-1\RIBY-Volt-1_screenshots\vscode_terminal_20241003_134805.png
2024-10-03 14:18:13,647:INFO:Logging initialized successfully
2024-10-03 14:18:13,663:INFO:Screenshot directory ensured: C:\Users\youss\RIBY-Volt-1\RIBY-Volt-1_screenshots
2024-10-03 14:18:16,089:INFO:Started capturing VSCode terminal commands
2024-10-03 14:19:00,086:INFO:Attempting to capture screenshot...
2024-10-03 14:19:00,086:ERROR:Error capturing screenshot: VSCodeTerminalScreenshotCapture.get_windows_command_history() takes 0 positional arguments but 1 was given
2024-10-03 14:19:45,474:INFO:Logging initialized successfully
2024-10-03 14:20:28,759:INFO:Logging initialized successfully
2024-10-03 14:20:28,776:INFO:Screenshot directory ensured: C:\Users\youss\RIBY-Volt-1\RIBY-Volt-1_screenshots
2024-10-03 14:20:31,567:INFO:Started capturing VSCode terminal commands
2024-10-03 14:21:22,899:INFO:Attempting to capture screenshot...
2024-10-03 14:21:22,927:ERROR:Error capturing screenshot: [WinError 2] The system cannot find the file specified
2024-10-03 14:22:27,454:INFO:Attempting to capture screenshot...
2024-10-03 14:22:27,483:ERROR:Error capturing screenshot: [WinError 2] The system cannot find the file specified
2024-10-03 14:24:18,980:INFO:Attempting to capture screenshot...
2024-10-03 14:24:19,009:ERROR:Error capturing screenshot: [WinError 2] The system cannot find the file specified
2024-10-03 14:25:10,671:INFO:Attempting to capture screenshot...
2024-10-03 14:25:10,712:ERROR:Error capturing screenshot: [WinError 2] The system cannot find the file specified
2024-10-03 14:25:37,572:INFO:Attempting to capture screenshot...
2024-10-03 14:25:37,599:ERROR:Error capturing screenshot: [WinError 2] The system cannot find the file specified
2024-10-03 14:26:09,138:INFO:Attempting to capture screenshot...
2024-10-03 14:26:09,168:ERROR:Error capturing screenshot: [WinError 2] The system cannot find the file specified
2024-10-03 14:26:18,658:INFO:Attempting to capture screenshot...
2024-10-03 14:26:18,686:ERROR:Error capturing screenshot: [WinError 2] The system cannot find the file specified
2024-10-03 14:26:35,553:INFO:Attempting to capture screenshot...
2024-10-03 14:26:35,578:ERROR:Error capturing screenshot: [WinError 2] The system cannot find the file specified
2024-10-03 14:28:30,203:INFO:Attempting to capture screenshot...
2024-10-03 14:28:30,228:ERROR:Error capturing screenshot: [WinError 2] The system cannot find the file specified
2024-10-03 14:30:38,104:INFO:Logging initialized successfully
2024-10-03 14:30:38,118:INFO:Screenshot directory ensured: C:\Users\youss\RIBY-Volt-1\RIBY-Volt-1_screenshots
2024-10-03 14:30:41,809:INFO:Started capturing VSCode terminal commands
2024-10-03 14:30:45,769:INFO:Attempting to capture screenshot...
2024-10-03 14:30:48,502:ERROR:Error capturing screenshot: [WinError 2] The system cannot find the file specified
2024-10-03 14:31:32,701:INFO:Attempting to capture screenshot...
2024-10-03 14:31:32,743:ERROR:Error capturing screenshot: [WinError 2] The system cannot find the file specified
2024-10-03 14:32:58,731:INFO:Attempting to capture screenshot...
2024-10-03 14:32:58,785:ERROR:Error capturing screenshot: [WinError 2] The system cannot find the file specified
2024-10-03 14:34:29,457:INFO:Attempting to capture screenshot...
2024-10-03 14:34:29,544:ERROR:Error capturing screenshot: [WinError 2] The system cannot find the file specified
2024-10-03 14:34:41,986:INFO:Attempting to capture screenshot...
2024-10-03 14:34:42,059:ERROR:Error capturing screenshot: [WinError 2] The system cannot find the file specified
2024-10-03 14:54:14,395:INFO:Attempting to capture screenshot...
2024-10-03 14:54:14,553:ERROR:Error capturing screenshot: [WinError 2] The system cannot find the file specified
2024-10-03 14:54:19,401:INFO:Attempting to capture screenshot...
2024-10-03 14:54:19,482:ERROR:Error capturing screenshot: [WinError 2] The system cannot find the file specified
2024-10-03 16:28:59,576:INFO:Attempting to capture screenshot...
2024-10-03 16:28:59,665:ERROR:Error capturing screenshot: [WinError 2] The system cannot find the file specified
2024-10-03 16:29:11,286:INFO:Attempting to capture screenshot...
2024-10-03 16:29:11,365:ERROR:Error capturing screenshot: [WinError 2] The system cannot find the file specified
2024-10-03 16:29:14,556:INFO:Attempting to capture screenshot...
2024-10-03 16:29:14,629:ERROR:Error capturing screenshot: [WinError 2] The system cannot find the file specified
2024-10-03 16:30:16,664:INFO:Attempting to capture screenshot...
2024-10-03 16:30:16,743:ERROR:Error capturing screenshot: [WinError 2] The system cannot find the file specified
2024-10-03 16:32:02,418:INFO:Attempting to capture screenshot...
2024-10-03 16:32:02,514:ERROR:Error capturing screenshot: [WinError 2] The system cannot find the file specified
2024-10-03 16:35:53,399:INFO:Attempting to capture screenshot...
2024-10-03 16:35:53,491:ERROR:Error capturing screenshot: [WinError 2] The system cannot find the file specified
2024-10-03 16:40:25,066:INFO:Attempting to capture screenshot...
2024-10-03 16:40:25,145:ERROR:Error capturing screenshot: [WinError 2] The system cannot find the file specified
2024-10-03 16:43:34,823:INFO:Attempting to capture screenshot...
2024-10-03 16:43:34,933:ERROR:Error capturing screenshot: [WinError 2] The system cannot find the file specified
2024-10-03 16:44:04,319:INFO:Stopped capturing VSCode terminal commands
